<?xml version="1.0" encoding="UTF-8"?>
<testng-results skipped="0" failed="0" total="1" passed="1">
  <reporter-output>
  </reporter-output>
  <suite name="Default suite" duration-ms="24" started-at="2021-09-19T12:29:59Z" finished-at="2021-09-19T12:29:59Z">
    <groups>
    </groups>
    <test name="Default test" duration-ms="24" started-at="2021-09-19T12:29:59Z" finished-at="2021-09-19T12:29:59Z">
      <class name="GitExe.ExecutionGit">
        <test-method status="PASS" signature="f()[pri:0, instance:GitExe.ExecutionGit@458ad742]" name="f" duration-ms="8" started-at="2021-09-19T17:59:59Z" finished-at="2021-09-19T17:59:59Z">
          <reporter-output>
          </reporter-output>
        </test-method> <!-- f -->
      </class> <!-- GitExe.ExecutionGit -->
    </test> <!-- Default test -->
  </suite> <!-- Default suite -->
</testng-results>
